false	0.0162
false	0.0753
true	0.8016
false	0.1198
true	0.9997
false	0.0521
true	0.8244
true	0.9277
false	0.1961
true	0.6219
true	0.8587
true	0.9230
false	0.0257
false	0.0215
true	0.5481
true	0.9770
true	0.5445
true	0.6414
true	0.8277
false	0.2039
true	0.5644
false	0.1861
false	0.0732
true	0.5129
true	0.9700
true	0.7912
true	0.9196
false	0.2278
false	0.0327
false	0.3498
false	0.4817
true	0.6547
true	0.8194
false	0.2176
true	0.6312
false	0.2772
false	0.4101
true	0.6791
false	0.4137
true	0.6365
true	0.5257
true	0.9055
false	0.1372
false	0.1232
true	0.7817
true	0.6236
true	0.6591
false	0.0201
true	0.8366
true	0.6369
