false	0.1834
false	0.3296
false	0.3942
false	0.2521
false	0.0654
false	0.1175
false	0.0942
false	0.0619
false	0.1834
false	0.3699
false	0.3942
false	0.3023
false	0.2794
false	0.1038
false	0.1050
false	0.4031
false	0.1001
false	0.0870
false	0.1353
false	0.3453
true	0.6023
false	0.3209
false	0.1233
false	0.4245
false	0.0412
false	0.1855
false	0.3023
false	0.4507
false	0.2468
false	0.1168
false	0.1067
false	0.1368
false	0.4082
true	0.8241
false	0.2240
false	0.2521
false	0.0525
false	0.0355
false	0.0502
false	0.2431
false	0.1909
false	0.0619
false	0.0927
false	0.0502
false	0.1067
true	0.8547
false	0.1380
false	0.2159
false	0.1876
false	0.1834
false	0.3243
false	0.0942
false	0.0937
false	0.1377
true	0.5544
false	0.2580
false	0.0489
true	0.9835
false	0.2437
false	0.2649
false	0.1527
false	0.2946
false	0.1551
false	0.0720
false	0.1572
false	0.1572
false	0.3188
false	0.1551
false	0.2145
false	0.1551
false	0.0906
false	0.1633
false	0.0387
false	0.0587
false	0.0638
false	0.0906
false	0.1698
false	0.3020
false	0.0665
false	0.4038
false	0.1041
false	0.3296
false	0.0387
false	0.0587
false	0.0463
false	0.1681
true	0.5131
false	0.2444
false	0.0720
false	0.2058
false	0.3586
true	0.6030
false	0.0665
false	0.1477
false	0.1345
false	0.4031
false	0.0142
false	0.3955
false	0.1169
false	0.1934
false	0.0633
false	0.1174
false	0.2218
false	0.1551
false	0.0221
false	0.1791
false	0.0638
false	0.4474
false	0.1565
false	0.1464
false	0.3111
false	0.1766
false	0.1462
false	0.0306
false	0.0365
false	0.1385
false	0.3282
false	0.1489
false	0.0463
false	0.3351
false	0.0376
false	0.1849
false	0.1235
false	0.3223
false	0.0638
false	0.0638
false	0.0095
false	0.1070
false	0.4581
false	0.1551
false	0.0688
false	0.2426
false	0.0720
false	0.1292
false	0.0376
false	0.1233
false	0.0808
false	0.0683
false	0.0633
false	0.0766
false	0.2058
false	0.1551
false	0.0306
false	0.0306
false	0.0973
false	0.1489
false	0.0315
false	0.0306
false	0.0306
false	0.0973
false	0.0879
false	0.1499
false	0.1188
false	0.1551
false	0.1188
false	0.1551
false	0.1782
false	0.1194
false	0.0704
false	0.0638
false	0.1782
false	0.0665
false	0.1787
false	0.2164
false	0.3371
false	0.4414
false	0.0387
false	0.3296
true	0.9980
false	0.0720
false	0.4031
false	0.0906
false	0.0688
false	0.0973
false	0.0704
false	0.1572
false	0.1582
false	0.0774
false	0.2477
false	0.1466
false	0.0720
false	0.0574
false	0.0766
false	0.0766
false	0.0587
false	0.0243
false	0.1938
false	0.3134
false	0.2635
false	0.1633
false	0.2924
true	0.5220
false	0.2057
false	0.0720
false	0.0574
false	0.1228
false	0.1834
false	0.4215
false	0.0902
false	0.1568
false	0.0990
false	0.0917
false	0.0638
false	0.0688
false	0.0784
false	0.1353
false	0.2175
false	0.0866
false	0.1551
false	0.2038
false	0.0688
false	0.1823
false	0.1051
false	0.2794
false	0.2686
false	0.1137
false	0.0221
false	0.1188
false	0.2038
false	0.0587
false	0.0315
false	0.0538
false	0.2197
false	0.0764
false	0.1368
true	0.5544
false	0.1226
false	0.1457
false	0.4773
false	0.1377
false	0.1368
false	0.1597
false	0.1222
false	0.2438
false	0.3638
false	0.1597
false	0.1434
true	0.6525
false	0.2934
false	0.1434
true	0.6292
false	0.1001
false	0.1434
false	0.0502
false	0.1403
false	0.1603
false	0.0502
false	0.3287
false	0.1067
false	0.3296
false	0.1834
false	0.4776
true	0.5613
true	0.5885
false	0.0243
false	0.3977
false	0.1345
true	0.6546
false	0.2438
false	0.0973
false	0.0973
true	0.8013
true	0.7985
false	0.4968
false	0.1840
false	0.0633
true	0.5419
false	0.1233
false	0.0189
false	0.2268
false	0.4436
false	0.3178
false	0.2636
false	0.1551
false	0.0665
false	0.1551
false	0.0688
false	0.2058
false	0.1785
false	0.1188
false	0.0422
false	0.2164
false	0.3206
false	0.1638
false	0.1820
true	0.6487
false	0.2058
false	0.0315
false	0.0963
false	0.1604
false	0.0221
false	0.0877
false	0.0952
false	0.1366
false	0.0384
false	0.1353
false	0.0376
false	0.1638
false	0.4031
false	0.2794
false	0.1421
false	0.1233
false	0.1377
false	0.0615
false	0.1422
false	0.0967
false	0.1068
true	0.6972
false	0.4189
false	0.0346
false	0.0624
false	0.2686
false	0.1038
false	0.1001
true	0.9089
true	0.5220
true	0.9807
true	0.5010
false	0.0525
false	0.2708
false	0.3505
false	0.1235
false	0.0927
false	0.1087
false	0.0391
false	0.0457
false	0.3287
false	0.1909
false	0.2828
false	0.0613
false	0.0525
false	0.2444
false	0.1368
false	0.0613
true	0.5244
false	0.3977
true	0.5244
true	0.7524
false	0.1353
false	0.1412
false	0.1834
false	0.2306
false	0.1226
false	0.1720
false	0.0644
false	0.0644
false	0.0538
false	0.0368
false	0.0668
false	0.0879
false	0.0997
false	0.0770
false	0.1491
false	0.1134
false	0.1527
false	0.0341
false	0.1386
false	0.1854
false	0.1551
false	0.0906
false	0.2778
false	0.1216
false	0.0624
false	0.0538
false	0.0318
false	0.0479
false	0.3237
false	0.3211
false	0.0270
true	0.9194
true	0.9430
true	0.9944
false	0.3622
true	0.7360
false	0.1985
true	0.9308
true	0.6524
true	0.7089
true	0.7441
false	0.0689
true	0.8274
false	0.1421
true	0.9690
false	0.1434
true	0.9054
true	0.9093
true	0.9905
false	0.2142
true	0.7580
true	0.8988
false	0.0737
true	0.9075
false	0.4473
true	0.5002
true	0.8865
true	0.5089
true	0.7506
true	0.6407
true	0.8428
true	0.7614
true	0.6335
true	0.7261
true	0.7089
true	0.9519
true	0.6017
true	0.7963
true	0.5718
true	0.7907
true	0.7506
false	0.3320
false	0.2634
false	0.0638
false	0.3341
false	0.0638
false	0.0638
false	0.2958
false	0.3977
false	0.1589
false	0.1117
false	0.1067
false	0.2306
false	0.3660
false	0.1489
false	0.0647
true	0.6143
false	0.0221
false	0.3740
false	0.3134
false	0.3371
false	0.0587
true	0.6686
false	0.4180
false	0.0838
false	0.1028
false	0.2145
false	0.0506
false	0.0243
false	0.4437
false	0.1551
false	0.0574
false	0.3077
false	0.0835
false	0.0945
false	0.0371
false	0.3586
false	0.1233
false	0.1555
false	0.1597
false	0.0189
false	0.1368
false	0.1233
false	0.1818
false	0.1345
false	0.1216
false	0.1368
false	0.0877
false	0.1782
false	0.1226
true	0.6707
false	0.0479
false	0.0655
true	0.7622
false	0.0525
true	0.9501
true	0.7890
false	0.3294
true	0.6768
true	0.6463
false	0.3481
false	0.1527
false	0.1377
false	0.1067
false	0.1121
false	0.0530
false	0.1067
true	0.5106
false	0.3774
false	0.1226
false	0.1226
false	0.4031
false	0.4031
false	0.4147
false	0.4968
false	0.1597
false	0.1377
true	0.8048
false	0.1368
false	0.2058
false	0.1386
false	0.0221
false	0.0906
false	0.0665
false	0.1551
false	0.2636
false	0.2636
true	0.6671
false	0.1527
false	0.0638
false	0.1673
false	0.1535
false	0.1216
false	0.0142
false	0.0189
false	0.3977
false	0.0720
false	0.1386
false	0.0906
false	0.1820
false	0.2038
false	0.1673
false	0.1870
false	0.1434
false	0.1572
false	0.2468
false	0.0889
false	0.3179
true	0.7588
true	0.7116
false	0.2306
false	0.3984
true	0.5518
false	0.4592
false	0.2924
false	0.2685
false	0.1395
false	0.4144
false	0.1353
false	0.1447
true	0.7731
false	0.2266
false	0.4673
true	0.7936
false	0.3250
false	0.2898
true	0.7793
true	0.8462
false	0.1306
true	0.8194
true	0.6405
false	0.2547
false	0.2276
true	0.9102
true	0.7502
true	0.9074
true	0.7160
true	0.8945
true	0.7885
false	0.0858
true	0.5987
true	0.8956
false	0.3706
true	0.6835
true	0.8748
true	0.7116
true	0.9746
false	0.4699
true	0.9910
false	0.3008
true	0.5258
false	0.0448
false	0.0387
false	0.3660
false	0.3371
false	0.3852
false	0.1834
false	0.1739
false	0.1412
false	0.1855
true	0.5135
false	0.0579
false	0.2345
false	0.1169
false	0.2946
false	0.1434
false	0.2156
false	0.1589
false	0.1377
false	0.0613
false	0.1216
false	0.0189
false	0.0877
false	0.0877
false	0.0477
false	0.0860
false	0.0765
false	0.3955
false	0.0306
true	0.6055
false	0.0879
false	0.1147
true	0.6709
false	0.2547
false	0.0587
true	0.8399
false	0.2547
false	0.2062
false	0.0730
false	0.1527
false	0.1134
false	0.3320
false	0.2062
false	0.0665
false	0.0574
true	0.7466
false	0.2145
false	0.1174
false	0.1870
false	0.1698
false	0.0906
false	0.0665
false	0.1386
false	0.0808
false	0.0142
true	0.6771
false	0.1633
false	0.0567
false	0.1480
false	0.1527
false	0.1527
true	0.6514
false	0.1551
false	0.0720
false	0.1041
false	0.2547
false	0.1814
false	0.0247
false	0.1572
false	0.3008
true	0.8847
true	0.6050
false	0.1198
false	0.1205
true	0.5403
false	0.0730
true	0.8442
true	0.6736
true	0.9328
false	0.4430
true	0.8503
true	0.6196
false	0.1218
false	0.3900
false	0.2793
true	0.9352
false	0.1038
true	0.5487
true	0.8419
true	0.7886
true	0.5834
false	0.2817
true	0.7524
false	0.0682
false	0.1989
false	0.1876
false	0.3453
false	0.1412
false	0.4356
false	0.1226
false	0.3130
false	0.0877
false	0.2566
false	0.1067
false	0.1834
false	0.1068
false	0.1348
false	0.4301
false	0.0598
false	0.3425
false	0.1063
false	0.1063
false	0.1695
false	0.2499
false	0.1154
false	0.0664
false	0.1477
false	0.1368
false	0.1233
false	0.1226
false	0.1368
true	0.8611
true	0.7327
false	0.4968
true	0.9778
false	0.4031
true	0.9223
true	0.6580
true	0.7373
false	0.0772
false	0.0508
true	0.7412
false	0.1786
false	0.1962
true	0.5419
true	0.9931
true	0.9876
true	0.8696
false	0.4868
false	0.1281
false	0.0457
true	0.8541
true	0.6995
false	0.2376
false	0.4532
false	0.2321
true	0.9611
false	0.1235
false	0.0306
false	0.0387
false	0.3586
false	0.0243
false	0.1938
false	0.0906
false	0.3020
false	0.2636
false	0.1551
false	0.3020
false	0.0306
false	0.3977
false	0.0633
false	0.0574
true	0.5496
false	0.0720
false	0.0665
false	0.0688
false	0.2636
false	0.3573
false	0.0665
false	0.0574
false	0.0973
false	0.1589
false	0.4388
false	0.2360
false	0.2444
false	0.1660
false	0.1785
false	0.0720
false	0.0917
false	0.1188
false	0.0665
false	0.1820
false	0.1785
true	0.5676
false	0.1820
true	0.5867
false	0.4437
false	0.1785
false	0.0906
false	0.0665
false	0.2426
true	0.6482
false	0.2778
false	0.1785
false	0.1818
false	0.1785
true	0.5189
false	0.0688
false	0.1259
true	0.8756
true	0.7184
false	0.1001
false	0.2437
true	0.6782
false	0.4388
false	0.3695
false	0.1368
false	0.1226
false	0.0860
false	0.1720
false	0.4147
false	0.2922
true	0.8000
false	0.1242
false	0.0991
false	0.0796
true	0.8781
false	0.1582
true	0.5792
false	0.0967
false	0.0592
true	0.6709
false	0.3138
false	0.2488
false	0.0601
false	0.0349
false	0.0991
false	0.2646
false	0.1834
false	0.1412
false	0.1836
false	0.2685
false	0.0967
false	0.1353
false	0.1834
false	0.1849
false	0.3077
false	0.0525
false	0.0900
false	0.1259
false	0.3273
false	0.0860
false	0.4835
false	0.1784
false	0.0677
false	0.1226
false	0.1016
false	0.0939
false	0.1228
false	0.1551
false	0.1551
false	0.3699
false	0.1228
false	0.0315
false	0.1228
false	0.0243
false	0.1938
false	0.0587
false	0.3332
false	0.0718
false	0.1698
false	0.0574
false	0.2145
false	0.0142
false	0.0306
false	0.0189
false	0.0559
false	0.1134
false	0.0488
false	0.1589
false	0.1174
false	0.1188
false	0.1551
false	0.1386
false	0.1673
true	0.7834
false	0.2924
true	0.5089
false	0.2924
false	0.0967
true	0.5089
true	0.8933
false	0.1368
true	0.7800
false	0.1969
true	0.5215
false	0.0989
false	0.0989
false	0.0602
false	0.2924
true	0.9937
false	0.2306
true	0.9142
false	0.2306
false	0.3296
false	0.3699
false	0.3740
false	0.1235
true	0.7526
false	0.0906
false	0.0906
false	0.1551
false	0.1551
false	0.0638
false	0.2164
false	0.3134
false	0.1633
false	0.0766
false	0.2058
false	0.1535
false	0.0808
false	0.4026
false	0.0720
false	0.0665
false	0.1820
false	0.1541
false	0.1673
false	0.1188
false	0.1551
false	0.0665
false	0.0221
false	0.0718
false	0.1386
false	0.0930
false	0.1609
false	0.0706
false	0.1281
true	0.5985
false	0.5000
false	0.0237
false	0.1834
false	0.0967
false	0.1087
false	0.0927
false	0.0538
false	0.0720
false	0.0720
false	0.0574
false	0.0906
false	0.0574
false	0.2145
false	0.1541
false	0.1609
false	0.0507
true	0.8858
false	0.1434
true	0.7833
false	0.1235
false	0.1073
false	0.1856
false	0.4388
false	0.1434
false	0.1736
false	0.0560
true	0.5046
false	0.4031
false	0.1226
false	0.4388
true	0.6145
false	0.0563
false	0.0348
true	0.9379
true	0.7262
true	0.9747
false	0.2267
false	0.3129
false	0.2979
false	0.1627
true	0.9849
true	0.7649
true	0.8397
false	0.0863
false	0.4860
false	0.0988
false	0.4344
true	0.7157
false	0.1466
true	0.8118
true	0.7097
false	0.1466
true	0.9466
false	0.3154
true	0.5834
true	0.7614
false	0.2924
false	0.0793
false	0.0835
false	0.1814
false	0.0704
false	0.1814
false	0.0665
false	0.0838
false	0.0838
false	0.4876
false	0.4499
false	0.2110
false	0.0906
false	0.1698
false	0.0906
true	0.6270
false	0.2058
false	0.0906
false	0.0791
false	0.0704
false	0.1194
false	0.0704
false	0.0835
false	0.1814
false	0.0791
false	0.1194
false	0.0704
false	0.1194
false	0.0704
false	0.0793
